<?xml version="1.0" encoding="UTF-8"?>
<testng-results ignored="0" total="1" passed="1" failed="0" skipped="0">
  <reporter-output>
  </reporter-output>
  <suite started-at="2021-01-28T23:35:32Z" name="Surefire suite" finished-at="2021-01-28T23:36:42Z" duration-ms="69770">
    <groups>
    </groups>
    <test started-at="2021-01-28T23:35:32Z" name="Surefire test" finished-at="2021-01-28T23:36:42Z" duration-ms="69770">
      <class name="tests.LoginTest">
        <test-method is-config="true" signature="beforeMethod()[pri:0, instance:tests.LoginTest@32eff876]" started-at="2021-01-28T18:35:32Z" name="beforeMethod" finished-at="2021-01-28T18:36:25Z" duration-ms="52590" status="PASS">
          <reporter-output>
          </reporter-output>
        </test-method> <!-- beforeMethod -->
        <test-method signature="logInTest()[pri:0, instance:tests.LoginTest@32eff876]" started-at="2021-01-28T18:36:25Z" name="logInTest" finished-at="2021-01-28T18:36:32Z" duration-ms="7087" status="PASS">
          <reporter-output>
          </reporter-output>
        </test-method> <!-- logInTest -->
        <test-method is-config="true" signature="afterMethod()[pri:0, instance:tests.LoginTest@32eff876]" started-at="2021-01-28T18:36:32Z" name="afterMethod" finished-at="2021-01-28T18:36:42Z" duration-ms="10075" status="PASS">
          <reporter-output>
          </reporter-output>
        </test-method> <!-- afterMethod -->
      </class> <!-- tests.LoginTest -->
    </test> <!-- Surefire test -->
  </suite> <!-- Surefire suite -->
</testng-results>
