<?xml version="1.0" encoding="UTF-8"?>
<testng-results ignored="0" total="1" passed="1" failed="0" skipped="0">
  <reporter-output>
  </reporter-output>
  <suite started-at="2021-01-16T22:29:04Z" name="Suite" finished-at="2021-01-16T22:30:26Z" duration-ms="81805">
    <groups>
    </groups>
    <test started-at="2021-01-16T22:29:04Z" name="Test" finished-at="2021-01-16T22:30:26Z" duration-ms="81805">
      <class name="tests.LoginTest">
        <test-method is-config="true" signature="beforeMethod()[pri:0, instance:tests.LoginTest@c0c2f8d]" started-at="2021-01-16T17:29:04Z" name="beforeMethod" finished-at="2021-01-16T17:30:03Z" duration-ms="58559" status="PASS">
          <reporter-output>
          </reporter-output>
        </test-method> <!-- beforeMethod -->
        <test-method signature="logInTest()[pri:0, instance:tests.LoginTest@c0c2f8d]" started-at="2021-01-16T17:30:03Z" name="logInTest" finished-at="2021-01-16T17:30:18Z" duration-ms="15380" status="PASS">
          <reporter-output>
          </reporter-output>
        </test-method> <!-- logInTest -->
        <test-method is-config="true" signature="afterMethod()[pri:0, instance:tests.LoginTest@c0c2f8d]" started-at="2021-01-16T17:30:18Z" name="afterMethod" finished-at="2021-01-16T17:30:26Z" duration-ms="7823" status="PASS">
          <reporter-output>
          </reporter-output>
        </test-method> <!-- afterMethod -->
      </class> <!-- tests.LoginTest -->
    </test> <!-- Test -->
  </suite> <!-- Suite -->
</testng-results>
